<?xml version="1.0" encoding="UTF-8"?>
<!-- Generated by org.testng.reporters.JUnitReportReporter -->
<testsuite hostname="LAPTOP-0Q33G18U" failures="0" tests="1" name="ApiTests" time="6.065" errors="0" timestamp="2023-12-10T00:26:03 IST" skipped="0">
  <testcase classname="ApiTests" name="RestAssured_APITest" time="6.065"/>
  <system-out/>
</testsuite> <!-- ApiTests -->
