<?xml version="1.0" encoding="UTF-8"?>
<!-- Generated by org.testng.reporters.JUnitReportReporter -->
<testsuite hostname="HarishGajjela" failures="0" tests="1" name="ApiTests" time="3.407" errors="0" timestamp="2023-07-07T21:33:15 IST" skipped="0">
  <testcase classname="ApiTests" name="RestAssured_APITest" time="3.407"/>
  <system-out/>
</testsuite> <!-- ApiTests -->
